#
# There is insufficient memory for the Java Runtime Environment to continue.
# Native memory allocation (malloc) failed to allocate 3314656 bytes for Chunk::new
# Possible reasons:
#   The system is out of physical RAM or swap space
#   In 32 bit mode, the process size limit was hit
# Possible solutions:
#   Reduce memory load on the system
#   Increase physical memory or swap space
#   Check if swap backing store is full
#   Use 64 bit Java on a 64 bit OS
#   Decrease Java heap size (-Xmx/-Xms)
#   Decrease number of Java threads
#   Decrease Java thread stack sizes (-Xss)
#   Set larger code cache with -XX:ReservedCodeCacheSize=
# This output file may be truncated or incomplete.
#
#  Out of Memory Error (allocation.cpp:390), pid=16612, tid=0x00000000000046e4
#
# JRE version: Java(TM) SE Runtime Environment (8.0_172-b11) (build 1.8.0_172-b11)
# Java VM: Java HotSpot(TM) 64-Bit Server VM (25.172-b11 mixed mode windows-amd64 compressed oops)
# Failed to write core dump. Minidumps are not enabled by default on client versions of Windows
#

---------------  T H R E A D  ---------------

Current thread (0x000000001a922000):  JavaThread "C2 CompilerThread2" daemon [_thread_in_native, id=18148, stack(0x000000001b1a0000,0x000000001b2a0000)]

Stack: [0x000000001b1a0000,0x000000001b2a0000]
[error occurred during error reporting (printing stack bounds), id 0xc0000005]

Native frames: (J=compiled Java code, j=interpreted, Vv=VM code, C=native code)


Current CompileTask:
C2:   3261 2561   !   4       java.net.URLClassLoader$1::run (63 bytes)


---------------  P R O C E S S  ---------------

Java Threads: ( => current thread )
  0x000000001a95a000 JavaThread "Service Thread" daemon [_thread_blocked, id=5904, stack(0x000000001b3a0000,0x000000001b4a0000)]
  0x000000001a94a800 JavaThread "C1 CompilerThread3" daemon [_thread_in_native, id=20056, stack(0x000000001b2a0000,0x000000001b3a0000)]
=>0x000000001a922000 JavaThread "C2 CompilerThread2" daemon [_thread_in_native, id=18148, stack(0x000000001b1a0000,0x000000001b2a0000)]
  0x000000001a921000 JavaThread "C2 CompilerThread1" daemon [_thread_blocked, id=19956, stack(0x000000001b0a0000,0x000000001b1a0000)]
  0x000000001a91e800 JavaThread "C2 CompilerThread0" daemon [_thread_blocked, id=12720, stack(0x000000001afa0000,0x000000001b0a0000)]
  0x0000000019e50800 JavaThread "JDWP Command Reader" daemon [_thread_in_native, id=19852, stack(0x000000001a6a0000,0x000000001a7a0000)]
  0x0000000019e4b800 JavaThread "JDWP Event Helper Thread" daemon [_thread_blocked, id=18220, stack(0x000000001a5a0000,0x000000001a6a0000)]
  0x0000000019e41000 JavaThread "JDWP Transport Listener: dt_socket" daemon [_thread_blocked, id=16464, stack(0x000000001a4a0000,0x000000001a5a0000)]
  0x0000000019de6000 JavaThread "Attach Listener" daemon [_thread_blocked, id=9732, stack(0x000000001a3a0000,0x000000001a4a0000)]
  0x0000000019e40000 JavaThread "Signal Dispatcher" daemon [_thread_blocked, id=12912, stack(0x000000001a2a0000,0x000000001a3a0000)]
  0x0000000019dc0800 JavaThread "Finalizer" daemon [_thread_blocked, id=10812, stack(0x000000001a1a0000,0x000000001a2a0000)]
  0x0000000017e8e800 JavaThread "Reference Handler" daemon [_thread_blocked, id=11772, stack(0x0000000019ca0000,0x0000000019da0000)]
  0x0000000002cb9800 JavaThread "main" [_thread_in_vm, id=5240, stack(0x0000000002bb0000,0x0000000002cb0000)]

Other Threads:
  0x0000000017e86800 VMThread [stack: 0x0000000019ba0000,0x0000000019ca0000] [id=7108]
  0x000000001a95b800 WatcherThread [stack: 0x000000001b4a0000,0x000000001b5a0000] [id=13356]

VM state:not at safepoint (normal execution)

VM Mutex/Monitor currently owned by a thread: None

Heap:
 PSYoungGen      total 179712K, used 18205K [0x00000000d6200000, 0x00000000e3e00000, 0x0000000100000000)
  eden space 169472K, 10% used [0x00000000d6200000,0x00000000d73c7708,0x00000000e0780000)
  from space 10240K, 0% used [0x00000000e1200000,0x00000000e1200000,0x00000000e1c00000)
  to   space 10752K, 0% used [0x00000000e0780000,0x00000000e0780000,0x00000000e1200000)
 ParOldGen       total 86016K, used 13907K [0x0000000082600000, 0x0000000087a00000, 0x00000000d6200000)
  object space 86016K, 16% used [0x0000000082600000,0x0000000083394ef8,0x0000000087a00000)
 Metaspace       used 35816K, capacity 36914K, committed 37208K, reserved 1081344K
  class space    used 4511K, capacity 4751K, committed 4864K, reserved 1048576K

Card table byte_map: [0x0000000012350000,0x0000000012740000] byte_map_base: 0x0000000011f3d000

Marking Bits: (ParMarkBitMap*) 0x0000000064b83c10
 Begin Bits: [0x00000000131e0000, 0x0000000015148000)
 End Bits:   [0x0000000015148000, 0x00000000170b0000)

Polling page: 0x00000000005f0000

CodeCache: size=245760Kb used=11817Kb max_used=11817Kb free=233942Kb
 bounds [0x0000000002f90000, 0x0000000003b30000, 0x0000000011f90000]
 total_blobs=3636 nmethods=3213 adapters=343
 compilation: enabled

Compilation events (10 events):
Event: 3.258 Thread 0x000000001a91e800 3207       4       java.lang.Class$MethodArray::add (72 bytes)
Event: 3.258 Thread 0x000000001a94a800 3208       3       org.codehaus.groovy.ast.ClassHelper::isPrimitiveType (69 bytes)
Event: 3.258 Thread 0x000000001a94a800 nmethod 3208 0x0000000003b1b850 code [0x0000000003b1b9c0, 0x0000000003b1bd70]
Event: 3.258 Thread 0x000000001a94a800 3210       3       groovyjarjarasm.asm.ClassWriter::newUTF8 (70 bytes)
Event: 3.258 Thread 0x000000001a94a800 nmethod 3210 0x0000000003b1be10 code [0x0000000003b1bfe0, 0x0000000003b1c438]
Event: 3.258 Thread 0x000000001a94a800 3209       1       org.codehaus.groovy.ast.MethodNode::getModifiers (5 bytes)
Event: 3.258 Thread 0x000000001a94a800 nmethod 3209 0x0000000003b1c650 code [0x0000000003b1c7a0, 0x0000000003b1c8b0]
Event: 3.259 Thread 0x000000001a94a800 3211       1       org.codehaus.groovy.util.SingleKeyHashMap$Entry::getKey (5 bytes)
Event: 3.259 Thread 0x000000001a94a800 nmethod 3211 0x0000000003b1c910 code [0x0000000003b1ca60, 0x0000000003b1cb70]
Event: 3.260 Thread 0x000000001a91e800 nmethod 3207 0x0000000003b1fb50 code [0x0000000003b1fca0, 0x0000000003b1fff8]

GC Heap History (10 events):
Event: 1.626 GC heap before
{Heap before GC invocations=6 (full 1):
 PSYoungGen      total 70656K, used 5102K [0x00000000d6200000, 0x00000000df200000, 0x0000000100000000)
  eden space 65536K, 0% used [0x00000000d6200000,0x00000000d6200000,0x00000000da200000)
  from space 5120K, 99% used [0x00000000da200000,0x00000000da6fba68,0x00000000da700000)
  to   space 8192K, 0% used [0x00000000dea00000,0x00000000dea00000,0x00000000df200000)
 ParOldGen       total 86016K, used 4417K [0x0000000082600000, 0x0000000087a00000, 0x00000000d6200000)
  object space 86016K, 5% used [0x0000000082600000,0x0000000082a50790,0x0000000087a00000)
 Metaspace       used 20601K, capacity 21154K, committed 21248K, reserved 1067008K
  class space    used 2655K, capacity 2805K, committed 2816K, reserved 1048576K
Event: 1.649 GC heap after
Heap after GC invocations=6 (full 1):
 PSYoungGen      total 70656K, used 0K [0x00000000d6200000, 0x00000000df200000, 0x0000000100000000)
  eden space 65536K, 0% used [0x00000000d6200000,0x00000000d6200000,0x00000000da200000)
  from space 5120K, 0% used [0x00000000da200000,0x00000000da200000,0x00000000da700000)
  to   space 8192K, 0% used [0x00000000dea00000,0x00000000dea00000,0x00000000df200000)
 ParOldGen       total 55808K, used 7699K [0x0000000082600000, 0x0000000085c80000, 0x00000000d6200000)
  object space 55808K, 13% used [0x0000000082600000,0x0000000082d84f08,0x0000000085c80000)
 Metaspace       used 20601K, capacity 21154K, committed 21248K, reserved 1067008K
  class space    used 2655K, capacity 2805K, committed 2816K, reserved 1048576K
}
Event: 1.947 GC heap before
{Heap before GC invocations=7 (full 1):
 PSYoungGen      total 70656K, used 65536K [0x00000000d6200000, 0x00000000df200000, 0x0000000100000000)
  eden space 65536K, 100% used [0x00000000d6200000,0x00000000da200000,0x00000000da200000)
  from space 5120K, 0% used [0x00000000da200000,0x00000000da200000,0x00000000da700000)
  to   space 8192K, 0% used [0x00000000dea00000,0x00000000dea00000,0x00000000df200000)
 ParOldGen       total 55808K, used 7699K [0x0000000082600000, 0x0000000085c80000, 0x00000000d6200000)
  object space 55808K, 13% used [0x0000000082600000,0x0000000082d84f08,0x0000000085c80000)
 Metaspace       used 26074K, capacity 26830K, committed 27136K, reserved 1073152K
  class space    used 3308K, capacity 3479K, committed 3584K, reserved 1048576K
Event: 1.953 GC heap after
Heap after GC invocations=7 (full 1):
 PSYoungGen      total 114176K, used 7165K [0x00000000d6200000, 0x00000000df100000, 0x0000000100000000)
  eden space 107008K, 0% used [0x00000000d6200000,0x00000000d6200000,0x00000000dca80000)
  from space 7168K, 99% used [0x00000000dea00000,0x00000000df0ff610,0x00000000df100000)
  to   space 8704K, 0% used [0x00000000de000000,0x00000000de000000,0x00000000de880000)
 ParOldGen       total 55808K, used 7707K [0x0000000082600000, 0x0000000085c80000, 0x00000000d6200000)
  object space 55808K, 13% used [0x0000000082600000,0x0000000082d86f08,0x0000000085c80000)
 Metaspace       used 26074K, capacity 26830K, committed 27136K, reserved 1073152K
  class space    used 3308K, capacity 3479K, committed 3584K, reserved 1048576K
}
Event: 2.745 GC heap before
{Heap before GC invocations=8 (full 1):
 PSYoungGen      total 114176K, used 114173K [0x00000000d6200000, 0x00000000df100000, 0x0000000100000000)
  eden space 107008K, 100% used [0x00000000d6200000,0x00000000dca80000,0x00000000dca80000)
  from space 7168K, 99% used [0x00000000dea00000,0x00000000df0ff610,0x00000000df100000)
  to   space 8704K, 0% used [0x00000000de000000,0x00000000de000000,0x00000000de880000)
 ParOldGen       total 55808K, used 7707K [0x0000000082600000, 0x0000000085c80000, 0x00000000d6200000)
  object space 55808K, 13% used [0x0000000082600000,0x0000000082d86f08,0x0000000085c80000)
 Metaspace       used 31701K, capacity 32736K, committed 33024K, reserved 1077248K
  class space    used 4043K, capacity 4274K, committed 4352K, reserved 1048576K
Event: 2.752 GC heap after
Heap after GC invocations=8 (full 1):
 PSYoungGen      total 137728K, used 8703K [0x00000000d6200000, 0x00000000e1c00000, 0x0000000100000000)
  eden space 129024K, 0% used [0x00000000d6200000,0x00000000d6200000,0x00000000de000000)
  from space 8704K, 99% used [0x00000000de000000,0x00000000de87ffc8,0x00000000de880000)
  to   space 10240K, 0% used [0x00000000e1200000,0x00000000e1200000,0x00000000e1c00000)
 ParOldGen       total 55808K, used 8876K [0x0000000082600000, 0x0000000085c80000, 0x00000000d6200000)
  object space 55808K, 15% used [0x0000000082600000,0x0000000082eab228,0x0000000085c80000)
 Metaspace       used 31701K, capacity 32736K, committed 33024K, reserved 1077248K
  class space    used 4043K, capacity 4274K, committed 4352K, reserved 1048576K
}
Event: 3.080 GC heap before
{Heap before GC invocations=9 (full 1):
 PSYoungGen      total 137728K, used 53863K [0x00000000d6200000, 0x00000000e1c00000, 0x0000000100000000)
  eden space 129024K, 35% used [0x00000000d6200000,0x00000000d8e19de8,0x00000000de000000)
  from space 8704K, 99% used [0x00000000de000000,0x00000000de87ffc8,0x00000000de880000)
  to   space 10240K, 0% used [0x00000000e1200000,0x00000000e1200000,0x00000000e1c00000)
 ParOldGen       total 55808K, used 8876K [0x0000000082600000, 0x0000000085c80000, 0x00000000d6200000)
  object space 55808K, 15% used [0x0000000082600000,0x0000000082eab228,0x0000000085c80000)
 Metaspace       used 34295K, capacity 35310K, committed 35416K, reserved 1081344K
  class space    used 4354K, capacity 4583K, committed 4608K, reserved 1048576K
Event: 3.086 GC heap after
Heap after GC invocations=9 (full 1):
 PSYoungGen      total 179712K, used 8974K [0x00000000d6200000, 0x00000000e3e00000, 0x0000000100000000)
  eden space 169472K, 0% used [0x00000000d6200000,0x00000000d6200000,0x00000000e0780000)
  from space 10240K, 87% used [0x00000000e1200000,0x00000000e1ac39d0,0x00000000e1c00000)
  to   space 10752K, 0% used [0x00000000e0780000,0x00000000e0780000,0x00000000e1200000)
 ParOldGen       total 55808K, used 8884K [0x0000000082600000, 0x0000000085c80000, 0x00000000d6200000)
  object space 55808K, 15% used [0x0000000082600000,0x0000000082ead228,0x0000000085c80000)
 Metaspace       used 34295K, capacity 35310K, committed 35416K, reserved 1081344K
  class space    used 4354K, capacity 4583K, committed 4608K, reserved 1048576K
}
Event: 3.086 GC heap before
{Heap before GC invocations=10 (full 2):
 PSYoungGen      total 179712K, used 8974K [0x00000000d6200000, 0x00000000e3e00000, 0x0000000100000000)
  eden space 169472K, 0% used [0x00000000d6200000,0x00000000d6200000,0x00000000e0780000)
  from space 10240K, 87% used [0x00000000e1200000,0x00000000e1ac39d0,0x00000000e1c00000)
  to   space 10752K, 0% used [0x00000000e0780000,0x00000000e0780000,0x00000000e1200000)
 ParOldGen       total 55808K, used 8884K [0x0000000082600000, 0x0000000085c80000, 0x00000000d6200000)
  object space 55808K, 15% used [0x0000000082600000,0x0000000082ead228,0x0000000085c80000)
 Metaspace       used 34295K, capacity 35310K, committed 35416K, reserved 1081344K
  class space    used 4354K, capacity 4583K, committed 4608K, reserved 1048576K
Event: 3.132 GC heap after
Heap after GC invocations=10 (full 2):
 PSYoungGen      total 179712K, used 0K [0x00000000d6200000, 0x00000000e3e00000, 0x0000000100000000)
  eden space 169472K, 0% used [0x00000000d6200000,0x00000000d6200000,0x00000000e0780000)
  from space 10240K, 0% used [0x00000000e1200000,0x00000000e1200000,0x00000000e1c00000)
  to   space 10752K, 0% used [0x00000000e0780000,0x00000000e0780000,0x00000000e1200000)
 ParOldGen       total 86016K, used 13907K [0x0000000082600000, 0x0000000087a00000, 0x00000000d6200000)
  object space 86016K, 16% used [0x0000000082600000,0x0000000083394ef8,0x0000000087a00000)
 Metaspace       used 34295K, capacity 35310K, committed 35416K, reserved 1081344K
  class space    used 4354K, capacity 4583K, committed 4608K, reserved 1048576K
}

Deoptimization events (10 events):
Event: 2.845 Thread 0x0000000002cb9800 Uncommon trap: reason=class_check action=maybe_recompile pc=0x0000000003841ef8 method=org.springframework.boot.context.properties.source.ConfigurationPropertyName.isIndexed(Ljava/lang/CharSequence;)Z @ 2
Event: 2.845 Thread 0x0000000002cb9800 Uncommon trap: reason=class_check action=maybe_recompile pc=0x0000000003841ef8 method=org.springframework.boot.context.properties.source.ConfigurationPropertyName.isIndexed(Ljava/lang/CharSequence;)Z @ 2
Event: 2.845 Thread 0x0000000002cb9800 Uncommon trap: reason=class_check action=maybe_recompile pc=0x0000000003841ef8 method=org.springframework.boot.context.properties.source.ConfigurationPropertyName.isIndexed(Ljava/lang/CharSequence;)Z @ 2
Event: 2.855 Thread 0x0000000002cb9800 Uncommon trap: reason=bimorphic action=maybe_recompile pc=0x00000000038899bc method=java.util.stream.ReferencePipeline$2$1.accept(Ljava/lang/Object;)V @ 21
Event: 2.855 Thread 0x0000000002cb9800 Uncommon trap: reason=unstable_if action=reinterpret pc=0x0000000003a75634 method=org.springframework.boot.context.properties.source.ConfigurationPropertyName.isIndexed(Ljava/lang/CharSequence;)Z @ 9
Event: 2.985 Thread 0x0000000002cb9800 Uncommon trap: reason=unstable_if action=reinterpret pc=0x00000000034dc7f8 method=java.lang.ClassLoader.getClassLoadingLock(Ljava/lang/String;)Ljava/lang/Object; @ 6
Event: 3.162 Thread 0x0000000002cb9800 Uncommon trap: reason=class_check action=maybe_recompile pc=0x0000000003ada79c method=java.lang.reflect.Array.newInstance(Ljava/lang/Class;I)Ljava/lang/Object; @ 2
Event: 3.162 Thread 0x0000000002cb9800 Uncommon trap: reason=class_check action=maybe_recompile pc=0x0000000003ada79c method=java.lang.reflect.Array.newInstance(Ljava/lang/Class;I)Ljava/lang/Object; @ 2
Event: 3.162 Thread 0x0000000002cb9800 Uncommon trap: reason=class_check action=maybe_recompile pc=0x0000000003ada79c method=java.lang.reflect.Array.newInstance(Ljava/lang/Class;I)Ljava/lang/Object; @ 2
Event: 3.186 Thread 0x0000000002cb9800 Uncommon trap: reason=unstable_if action=reinterpret pc=0x0000000003498ad4 method=java.io.WinNTFileSystem.prefixLength(Ljava/lang/String;)I @ 42

Classes redefined (0 events):
No events

Internal exceptions (10 events):
Event: 2.932 Thread 0x0000000002cb9800 Exception <a 'java/lang/ClassNotFoundException': groovy/lang/GroovyObjectSupportBeanInfo> (0x00000000d777ddc8) thrown at [C:\re\workspace\8-2-build-windows-amd64-cygwin\jdk8u172\10810\hotspot\src\share\vm\classfile\systemDictionary.cpp, line 210]
Event: 2.932 Thread 0x0000000002cb9800 Exception <a 'java/lang/ClassNotFoundException': groovy/lang/GroovyObjectSupportCustomizer> (0x00000000d7795ec0) thrown at [C:\re\workspace\8-2-build-windows-amd64-cygwin\jdk8u172\10810\hotspot\src\share\vm\classfile\systemDictionary.cpp, line 210]
Event: 2.933 Thread 0x0000000002cb9800 Exception <a 'java/lang/ClassNotFoundException': groovy/lang/BindingCustomizer> (0x00000000d77af0f0) thrown at [C:\re\workspace\8-2-build-windows-amd64-cygwin\jdk8u172\10810\hotspot\src\share\vm\classfile\systemDictionary.cpp, line 210]
Event: 2.939 Thread 0x0000000002cb9800 Exception <a 'java/lang/ClassNotFoundException': groovy/lang/GroovyShellBeanInfo> (0x00000000d7845488) thrown at [C:\re\workspace\8-2-build-windows-amd64-cygwin\jdk8u172\10810\hotspot\src\share\vm\classfile\systemDictionary.cpp, line 210]
Event: 2.939 Thread 0x0000000002cb9800 Exception <a 'java/lang/ClassNotFoundException': groovy/lang/GroovyShellCustomizer> (0x00000000d785a870) thrown at [C:\re\workspace\8-2-build-windows-amd64-cygwin\jdk8u172\10810\hotspot\src\share\vm\classfile\systemDictionary.cpp, line 210]
Event: 3.191 Thread 0x0000000002cb9800 Exception <a 'java/lang/ClassNotFoundException': Script1BeanInfo> (0x00000000d68ec240) thrown at [C:\re\workspace\8-2-build-windows-amd64-cygwin\jdk8u172\10810\hotspot\src\share\vm\classfile\systemDictionary.cpp, line 210]
Event: 3.192 Thread 0x0000000002cb9800 Exception <a 'java/lang/ClassNotFoundException': groovy/lang/ScriptBeanInfo> (0x00000000d68fe9c8) thrown at [C:\re\workspace\8-2-build-windows-amd64-cygwin\jdk8u172\10810\hotspot\src\share\vm\classfile\systemDictionary.cpp, line 210]
Event: 3.192 Thread 0x0000000002cb9800 Exception <a 'java/lang/ClassNotFoundException': groovy/lang/ScriptCustomizer> (0x00000000d69126b8) thrown at [C:\re\workspace\8-2-build-windows-amd64-cygwin\jdk8u172\10810\hotspot\src\share\vm\classfile\systemDictionary.cpp, line 210]
Event: 3.193 Thread 0x0000000002cb9800 Exception <a 'java/lang/ClassNotFoundException': Script1Customizer> (0x00000000d6932500) thrown at [C:\re\workspace\8-2-build-windows-amd64-cygwin\jdk8u172\10810\hotspot\src\share\vm\classfile\systemDictionary.cpp, line 210]
Event: 3.260 Thread 0x0000000002cb9800 Exception <a 'java/lang/ClassNotFoundException': Script2BeanInfo> (0x00000000d724eb08) thrown at [C:\re\workspace\8-2-build-windows-amd64-cygwin\jdk8u172\10810\hotspot\src\share\vm\classfile\systemDictionary.cpp, line 210]

Events (10 events):
Event: 3.260 Thread 0x0000000002cb9800 DEOPT PACKING pc=0x0000000003ae307c sp=0x0000000002ca8bc0
Event: 3.260 Thread 0x0000000002cb9800 DEOPT UNPACKING pc=0x0000000002fd7890 sp=0x0000000002ca89f8 mode 1
Event: 3.260 Thread 0x0000000002cb9800 DEOPT PACKING pc=0x00000000032f976c sp=0x0000000002ca9840
Event: 3.260 Thread 0x0000000002cb9800 DEOPT UNPACKING pc=0x0000000002fd7890 sp=0x0000000002ca95b8 mode 1
Event: 3.260 loading class Script2Customizer
Event: 3.260 loading class Script2Customizer done
Event: 3.260 Thread 0x0000000002cb9800 DEOPT PACKING pc=0x0000000003ae32e4 sp=0x0000000002ca8b60
Event: 3.260 Thread 0x0000000002cb9800 DEOPT UNPACKING pc=0x0000000002fd7890 sp=0x0000000002ca8980 mode 1
Event: 3.260 Thread 0x0000000002cb9800 DEOPT PACKING pc=0x0000000003ae307c sp=0x0000000002ca8cf0
Event: 3.260 Thread 0x0000000002cb9800 DEOPT UNPACKING pc=0x0000000002fd7890 sp=0x0000000002ca8b10 mode 1


Dynamic libraries:
0x00007ff6aece0000 - 0x00007ff6aed17000 	C:\Program Files\Java\jdk1.8.0_172\bin\java.exe
0x00007ff8f3470000 - 0x00007ff8f365d000 	C:\Windows\SYSTEM32\ntdll.dll
0x00007ff8f2790000 - 0x00007ff8f2843000 	C:\Windows\System32\KERNEL32.DLL
0x00007ff8ef860000 - 0x00007ff8efaf3000 	C:\Windows\System32\KERNELBASE.dll
0x00007ff8f0b00000 - 0x00007ff8f0ba3000 	C:\Windows\System32\ADVAPI32.dll
0x00007ff8f2470000 - 0x00007ff8f250e000 	C:\Windows\System32\msvcrt.dll
0x00007ff8f0bb0000 - 0x00007ff8f0c4e000 	C:\Windows\System32\sechost.dll
0x00007ff8f2d70000 - 0x00007ff8f2e92000 	C:\Windows\System32\RPCRT4.dll
0x00007ff8f0960000 - 0x00007ff8f0af7000 	C:\Windows\System32\USER32.dll
0x00007ff8f0250000 - 0x00007ff8f0270000 	C:\Windows\System32\win32u.dll
0x00007ff8f2a30000 - 0x00007ff8f2a59000 	C:\Windows\System32\GDI32.dll
0x00007ff8f0270000 - 0x00007ff8f040a000 	C:\Windows\System32\gdi32full.dll
0x00007ff8ef7c0000 - 0x00007ff8ef860000 	C:\Windows\System32\msvcp_win.dll
0x00007ff8ef540000 - 0x00007ff8ef63c000 	C:\Windows\System32\ucrtbase.dll
0x00007ff8e4900000 - 0x00007ff8e4b79000 	C:\Windows\WinSxS\amd64_microsoft.windows.common-controls_6595b64144ccf1df_6.0.17763.253_none_05b2388e0721fece\COMCTL32.dll
0x00007ff8f0c50000 - 0x00007ff8f0f7d000 	C:\Windows\System32\combase.dll
0x00007ff8ef640000 - 0x00007ff8ef6be000 	C:\Windows\System32\bcryptPrimitives.dll
0x00007ff8f3410000 - 0x00007ff8f343e000 	C:\Windows\System32\IMM32.DLL
0x0000000064c10000 - 0x0000000064ce2000 	C:\Program Files\Java\jdk1.8.0_172\jre\bin\msvcr100.dll
0x0000000064360000 - 0x0000000064c03000 	C:\Program Files\Java\jdk1.8.0_172\jre\bin\server\jvm.dll
0x00007ff8f0890000 - 0x00007ff8f0898000 	C:\Windows\System32\PSAPI.DLL
0x00007ff8e0800000 - 0x00007ff8e0824000 	C:\Windows\SYSTEM32\WINMM.dll
0x00007ff8d55d0000 - 0x00007ff8d55d9000 	C:\Windows\SYSTEM32\WSOCK32.dll
0x00007ff8dd870000 - 0x00007ff8dd87a000 	C:\Windows\SYSTEM32\VERSION.dll
0x00007ff8f2f20000 - 0x00007ff8f2f8d000 	C:\Windows\System32\WS2_32.dll
0x00007ff8e0620000 - 0x00007ff8e064d000 	C:\Windows\SYSTEM32\winmmbase.dll
0x00007ff8ef710000 - 0x00007ff8ef75a000 	C:\Windows\System32\cfgmgr32.dll
0x0000000064350000 - 0x000000006435f000 	C:\Program Files\Java\jdk1.8.0_172\jre\bin\verify.dll
0x0000000064320000 - 0x0000000064349000 	C:\Program Files\Java\jdk1.8.0_172\jre\bin\java.dll
0x0000000065e00000 - 0x0000000065e35000 	C:\Program Files\Java\jdk1.8.0_172\jre\bin\jdwp.dll
0x0000000065df0000 - 0x0000000065df8000 	C:\Program Files\Java\jdk1.8.0_172\jre\bin\npt.dll
0x0000000065dc0000 - 0x0000000065de3000 	C:\Program Files\Java\jdk1.8.0_172\jre\bin\instrument.dll
0x0000000064300000 - 0x0000000064316000 	C:\Program Files\Java\jdk1.8.0_172\jre\bin\zip.dll
0x00007ff8f0f80000 - 0x00007ff8f246f000 	C:\Windows\System32\SHELL32.dll
0x00007ff8f2680000 - 0x00007ff8f2728000 	C:\Windows\System32\shcore.dll
0x00007ff8efb00000 - 0x00007ff8f024a000 	C:\Windows\System32\windows.storage.dll
0x00007ff8ef510000 - 0x00007ff8ef534000 	C:\Windows\System32\profapi.dll
0x00007ff8ef490000 - 0x00007ff8ef4ed000 	C:\Windows\System32\powrprof.dll
0x00007ff8f0830000 - 0x00007ff8f0882000 	C:\Windows\System32\shlwapi.dll
0x00007ff8ef470000 - 0x00007ff8ef481000 	C:\Windows\System32\kernel.appcore.dll
0x00007ff8ef6f0000 - 0x00007ff8ef707000 	C:\Windows\System32\cryptsp.dll
0x0000000065db0000 - 0x0000000065db9000 	C:\Program Files\Java\jdk1.8.0_172\jre\bin\dt_socket.dll
0x00007ff8eed00000 - 0x00007ff8eed67000 	C:\Windows\system32\mswsock.dll
0x00000000642e0000 - 0x00000000642fa000 	C:\Program Files\Java\jdk1.8.0_172\jre\bin\net.dll
0x00000000642c0000 - 0x00000000642d1000 	C:\Program Files\Java\jdk1.8.0_172\jre\bin\nio.dll
0x00000000642b0000 - 0x00000000642bd000 	C:\Program Files\Java\jdk1.8.0_172\jre\bin\management.dll
0x00007ff8cf160000 - 0x00007ff8cf176000 	C:\Windows\system32\napinsp.dll
0x00007ff8cf140000 - 0x00007ff8cf15a000 	C:\Windows\system32\pnrpnsp.dll
0x00007ff8eeaa0000 - 0x00007ff8eeb66000 	C:\Windows\SYSTEM32\DNSAPI.dll
0x00007ff8f2ae0000 - 0x00007ff8f2ae8000 	C:\Windows\System32\NSI.dll
0x00007ff8eea60000 - 0x00007ff8eea9d000 	C:\Windows\SYSTEM32\IPHLPAPI.DLL
0x00007ff8cf130000 - 0x00007ff8cf13e000 	C:\Windows\System32\winrnr.dll
0x00007ff8e3170000 - 0x00007ff8e318b000 	C:\Windows\system32\NLAapi.dll
0x00007ff8dd350000 - 0x00007ff8dd365000 	C:\Windows\system32\wshbth.dll
0x00007ff8e2b80000 - 0x00007ff8e2b8a000 	C:\Windows\System32\rasadhlp.dll
0x00007ff8e2a40000 - 0x00007ff8e2ab9000 	C:\Windows\System32\fwpuclnt.dll
0x00007ff8ef6c0000 - 0x00007ff8ef6e6000 	C:\Windows\System32\bcrypt.dll

VM Arguments:
jvm_args: -agentlib:jdwp=transport=dt_socket,address=127.0.0.1:55529,suspend=y,server=n -ea -Didea.test.cyclic.buffer.size=1048576 -javaagent:C:\Users\MrHuang\.IntelliJIdea2019.1\system\captureAgent\debugger-agent.jar -Dfile.encoding=UTF-8 
java_command: com.intellij.rt.execution.junit.JUnitStarter -ideVersion5 -junit4 com.husen.example.shardingTables.ShardingTablesTest,contextTest
java_class_path (initial): E:\IDEA\IntelliJ IDEA 2019.1.1\lib\idea_rt.jar;E:\IDEA\IntelliJ IDEA 2019.1.1\plugins\junit\lib\junit-rt.jar;E:\IDEA\IntelliJ IDEA 2019.1.1\plugins\junit\lib\junit5-rt.jar;C:\Program Files\Java\jdk1.8.0_172\jre\lib\charsets.jar;C:\Program Files\Java\jdk1.8.0_172\jre\lib\deploy.jar;C:\Program Files\Java\jdk1.8.0_172\jre\lib\ext\access-bridge-64.jar;C:\Program Files\Java\jdk1.8.0_172\jre\lib\ext\cldrdata.jar;C:\Program Files\Java\jdk1.8.0_172\jre\lib\ext\dnsns.jar;C:\Program Files\Java\jdk1.8.0_172\jre\lib\ext\jaccess.jar;C:\Program Files\Java\jdk1.8.0_172\jre\lib\ext\jfxrt.jar;C:\Program Files\Java\jdk1.8.0_172\jre\lib\ext\localedata.jar;C:\Program Files\Java\jdk1.8.0_172\jre\lib\ext\nashorn.jar;C:\Program Files\Java\jdk1.8.0_172\jre\lib\ext\sunec.jar;C:\Program Files\Java\jdk1.8.0_172\jre\lib\ext\sunjce_provider.jar;C:\Program Files\Java\jdk1.8.0_172\jre\lib\ext\sunmscapi.jar;C:\Program Files\Java\jdk1.8.0_172\jre\lib\ext\sunpkcs11.jar;C:\Program Files\Java\jdk1.8.0_172\jre\lib\ext\zipfs.jar;C:\Program Files\Java\jdk1.8.0_172\jre\lib\javaws.jar;C:\Program Files\Java\jdk1.8.0_172\jre\lib\jce.jar;C:\Program Files\Java\jdk1.8.0_172\jre\lib\jfr.jar;C:\Program Files\Java\jdk1.8.0_172\jre\lib\jfxswt.jar;C:\Program Files\Java\jdk1.8.0_172\jre\lib\jsse.jar;C:\Program Files\Java\jdk1.8.0_172\jre\lib\management-agent.jar;C:\Program Files\Java\jdk1.8.0_172\jre\lib\plugin.jar;C:\Program Files\Java\jdk1.8.0_172\jre\lib\resources.jar;C:\Program Files\Java\jdk1.8.0_172\jre\lib\rt.jar;E:\SourceProject\sharding-example\target\test-classes;E:\SourceProject\sharding-example\target\classes;C:\Users\MrHuang\.m2\repository\org\springframework\boot\spring-boot-starter-tomcat\2.0.8.RELEASE\spring-boot-starter-tomcat-2.0.8.RELEASE.jar;C:\Users\MrHuang\.m2\repository\javax\annotation\javax.annotation-api\1.3.2\javax.annotation-api-1.3.2.jar;C:\Users\MrHuang\.m2\repository\org\apache\tomcat\embed\tomcat-embed-core\8.5.37\tomcat-embed-core-8.5.37.jar;C:\Users\MrHua
Launcher Type: SUN_STANDARD

Environment Variables:
JAVA_HOME=C:\Program Files\Java\jdk1.8.0_172
CLASSPATH=.;%JAVA_HOME%\lib;%JAVA_HOME%\lib\tools.jar
PATH=E:\XShell\;C:\Program Files (x86)\Common Files\Oracle\Java\javapath;C:\Windows\system32;C:\Windows;C:\Windows\System32\Wbem;C:\Windows\System32\WindowsPowerShell\v1.0\;C:\Windows\System32\OpenSSH\;C:\Program Files\Intel\WiFi\bin\;C:\Program Files\Common Files\Intel\WirelessCommon\;C:\Program Files (x86)\NVIDIA Corporation\PhysX\Common;C:\Program Files\NVIDIA Corporation\NVIDIA NvDLISR;E:\GIT\Git\cmd;%JAVA_HOME%\bin;%GradleHome%\bin;%M2_HOME%\bin;%ZK_HOME%\bin;C:\Users\MrHuang\AppData\Local\Microsoft\WindowsApps;;E:\IDEA\IntelliJ IDEA 2019.1.1\bin;
USERNAME=MrHuang
OS=Windows_NT
PROCESSOR_IDENTIFIER=Intel64 Family 6 Model 142 Stepping 11, GenuineIntel



---------------  S Y S T E M  ---------------

OS: Windows 10.0 , 64 bit Build 17763 (10.0.17763.1)

CPU:total 8 (initial active 8) (4 cores per cpu, 2 threads per core) family 6 model 142 stepping 11, cmov, cx8, fxsr, mmx, sse, sse2, sse3, ssse3, sse4.1, sse4.2, popcnt, avx, avx2, aes, clmul, erms, 3dnowpref, lzcnt, ht, tsc, tscinvbit, bmi1, bmi2, adx

Memory: 4k page, physical 8230708k(542416k free), swap 18716464k(8016k free)

vm_info: Java HotSpot(TM) 64-Bit Server VM (25.172-b11) for windows-amd64 JRE (1.8.0_172-b11), built on Mar 28 2018 21:21:52 by "java_re" with MS VC++ 10.0 (VS2010)

time: Wed May 08 16:23:32 2019
elapsed time: 3 seconds (0d 0h 0m 3s)

